{"contracts/Claimer.sol":{"l":{"14":3,"15":3,"16":3,"17":3,"18":3,"31":1,"38":1,"39":1,"43":1,"47":1,"51":1,"58":1,"63":0,"64":0,"68":0,"69":0,"70":0,"71":0,"75":0,"76":0,"77":0,"81":0,"82":0,"83":0,"88":0,"90":0,"95":0,"97":0,"101":0,"102":0,"103":0,"105":0,"106":0,"107":0,"111":0,"112":0,"113":0,"114":0,"115":0,"121":0,"122":0,"123":0,"124":0,"125":0,"126":0,"127":0,"128":0,"132":0,"134":0,"137":0,"138":0},"path":"/mnt/e/OneDrive/Poolz/Claimer/contracts/Claimer.sol","s":{"1":3,"2":3,"3":3,"4":3,"5":3,"6":1,"7":1,"8":1,"9":1,"10":1,"11":1,"12":1,"13":0,"14":0,"15":0,"16":0,"17":0,"18":0,"19":0,"20":0,"21":0,"22":0,"23":0,"24":0,"25":0,"26":0,"27":0,"28":0,"29":0,"30":0,"31":0,"32":0,"33":0,"34":0,"35":0,"36":0,"37":0,"38":0,"39":0,"40":0,"41":0,"42":0,"43":0,"44":0,"45":0,"46":0,"47":0,"48":0,"49":0,"50":0,"51":0,"52":0},"b":{"1":[0,0],"2":[0,0],"3":[0,0],"4":[0,0],"5":[0,0],"6":[0,0],"7":[0,0]},"f":{"1":3,"2":1,"3":1,"4":1,"5":1,"6":1,"7":1,"8":0,"9":0,"10":0,"11":0,"12":0,"13":0,"14":0},"fnMap":{"1":{"name":"constructor","line":13,"loc":{"start":{"line":13,"column":4},"end":{"line":19,"column":4}}},"2":{"name":"setPoolzBackAddress","line":30,"loc":{"start":{"line":30,"column":4},"end":{"line":32,"column":4}}},"3":{"name":"SetStartForWork","line":36,"loc":{"start":{"line":34,"column":4},"end":{"line":40,"column":4}}},"4":{"name":"GetMinWorkInvestor","line":42,"loc":{"start":{"line":42,"column":4},"end":{"line":44,"column":4}}},"5":{"name":"SetMinWorkInvestor","line":46,"loc":{"start":{"line":46,"column":4},"end":{"line":48,"column":4}}},"6":{"name":"GetMinWorkProjectOwner","line":50,"loc":{"start":{"line":50,"column":4},"end":{"line":52,"column":4}}},"7":{"name":"SetMinWorkProjectOwner","line":56,"loc":{"start":{"line":54,"column":4},"end":{"line":59,"column":4}}},"8":{"name":"SafeWork","line":62,"loc":{"start":{"line":62,"column":4},"end":{"line":65,"column":4}}},"9":{"name":"CanWork","line":67,"loc":{"start":{"line":67,"column":4},"end":{"line":72,"column":4}}},"10":{"name":"DoWork","line":74,"loc":{"start":{"line":74,"column":4},"end":{"line":78,"column":4}}},"11":{"name":"CountWork","line":80,"loc":{"start":{"line":80,"column":4},"end":{"line":98,"column":4}}},"12":{"name":"WorkForInvestors","line":100,"loc":{"start":{"line":100,"column":4},"end":{"line":108,"column":4}}},"13":{"name":"SetInvestorStart","line":110,"loc":{"start":{"line":110,"column":4},"end":{"line":118,"column":4}}},"14":{"name":"WorkForProjectOwner","line":120,"loc":{"start":{"line":120,"column":4},"end":{"line":139,"column":4}}}},"statementMap":{"1":{"start":{"line":14,"column":8},"end":{"line":14,"column":24}},"2":{"start":{"line":15,"column":8},"end":{"line":15,"column":28}},"3":{"start":{"line":16,"column":8},"end":{"line":16,"column":26}},"4":{"start":{"line":17,"column":8},"end":{"line":17,"column":30}},"5":{"start":{"line":18,"column":8},"end":{"line":18,"column":51}},"6":{"start":{"line":31,"column":8},"end":{"line":31,"column":34}},"7":{"start":{"line":38,"column":8},"end":{"line":38,"column":37}},"8":{"start":{"line":39,"column":8},"end":{"line":39,"column":45}},"9":{"start":{"line":43,"column":8},"end":{"line":43,"column":30}},"10":{"start":{"line":47,"column":8},"end":{"line":47,"column":41}},"11":{"start":{"line":51,"column":8},"end":{"line":51,"column":34}},"12":{"start":{"line":58,"column":8},"end":{"line":58,"column":49}},"13":{"start":{"line":63,"column":8},"end":{"line":63,"column":62}},"14":{"start":{"line":64,"column":8},"end":{"line":64,"column":23}},"15":{"start":{"line":68,"column":8},"end":{"line":68,"column":19}},"16":{"start":{"line":69,"column":8},"end":{"line":69,"column":19}},"17":{"start":{"line":70,"column":8},"end":{"line":70,"column":31}},"18":{"start":{"line":71,"column":8},"end":{"line":71,"column":67}},"19":{"start":{"line":75,"column":8},"end":{"line":75,"column":43}},"20":{"start":{"line":76,"column":8},"end":{"line":76,"column":40}},"21":{"start":{"line":77,"column":8},"end":{"line":77,"column":25}},"22":{"start":{"line":81,"column":8},"end":{"line":81,"column":39}},"23":{"start":{"line":82,"column":8},"end":{"line":82,"column":43}},"24":{"start":{"line":83,"column":8},"end":{"line":83,"column":2440}},"25":{"start":{"line":88,"column":12},"end":{"line":88,"column":92}},"26":{"start":{"line":90,"column":8},"end":{"line":90,"column":2711}},"27":{"start":{"line":95,"column":12},"end":{"line":95,"column":90}},"28":{"start":{"line":97,"column":8},"end":{"line":97,"column":61}},"29":{"start":{"line":101,"column":8},"end":{"line":101,"column":28}},"30":{"start":{"line":102,"column":8},"end":{"line":102,"column":3121}},"31":{"start":{"line":103,"column":12},"end":{"line":103,"column":67}},"32":{"start":{"line":105,"column":8},"end":{"line":105,"column":25}},"33":{"start":{"line":106,"column":8},"end":{"line":106,"column":51}},"34":{"start":{"line":107,"column":8},"end":{"line":107,"column":23}},"35":{"start":{"line":111,"column":8},"end":{"line":111,"column":3453}},"36":{"start":{"line":112,"column":12},"end":{"line":112,"column":26}},"37":{"start":{"line":113,"column":12},"end":{"line":113,"column":60}},"38":{"start":{"line":114,"column":12},"end":{"line":114,"column":3660}},"39":{"start":{"line":115,"column":16},"end":{"line":115,"column":36}},"40":{"start":{"line":116,"column":17},"end":{"line":116,"column":23}},"41":{"start":{"line":121,"column":8},"end":{"line":121,"column":28}},"42":{"start":{"line":122,"column":8},"end":{"line":122,"column":28}},"43":{"start":{"line":123,"column":8},"end":{"line":123,"column":3925}},"44":{"start":{"line":124,"column":12},"end":{"line":124,"column":66}},"45":{"start":{"line":125,"column":12},"end":{"line":125,"column":30}},"46":{"start":{"line":126,"column":12},"end":{"line":126,"column":30}},"47":{"start":{"line":127,"column":12},"end":{"line":127,"column":83}},"48":{"start":{"line":128,"column":12},"end":{"line":128,"column":4246}},"49":{"start":{"line":132,"column":16},"end":{"line":132,"column":40}},"50":{"start":{"line":134,"column":16},"end":{"line":134,"column":31}},"51":{"start":{"line":137,"column":8},"end":{"line":137,"column":58}},"52":{"start":{"line":138,"column":8},"end":{"line":138,"column":23}}},"branchMap":{"1":{"line":63,"type":"if","locations":[{"start":{"line":63,"column":8},"end":{"line":63,"column":8}},{"start":{"line":63,"column":8},"end":{"line":63,"column":8}}]},"2":{"line":88,"type":"if","locations":[{"start":{"line":88,"column":12},"end":{"line":88,"column":12}},{"start":{"line":88,"column":12},"end":{"line":88,"column":12}}]},"3":{"line":95,"type":"if","locations":[{"start":{"line":95,"column":12},"end":{"line":95,"column":12}},{"start":{"line":95,"column":12},"end":{"line":95,"column":12}}]},"4":{"line":103,"type":"if","locations":[{"start":{"line":103,"column":12},"end":{"line":103,"column":12}},{"start":{"line":103,"column":12},"end":{"line":103,"column":12}}]},"5":{"line":114,"type":"if","locations":[{"start":{"line":114,"column":12},"end":{"line":114,"column":12}},{"start":{"line":114,"column":12},"end":{"line":114,"column":12}}]},"6":{"line":124,"type":"if","locations":[{"start":{"line":124,"column":12},"end":{"line":124,"column":12}},{"start":{"line":124,"column":12},"end":{"line":124,"column":12}}]},"7":{"line":128,"type":"if","locations":[{"start":{"line":128,"column":12},"end":{"line":128,"column":12}},{"start":{"line":128,"column":12},"end":{"line":128,"column":12}}]}}},"contracts/IPoolzBack.sol":{"l":{},"path":"/mnt/e/OneDrive/Poolz/Claimer/contracts/IPoolzBack.sol","s":{},"b":{},"f":{},"fnMap":{},"statementMap":{},"branchMap":{}}}